2019-10-12 15:14:19.031  INFO 5864 --- [main] i.r.cloud.zuul.ZuulSpringApplication     : The following profiles are active: dev
2019-10-12 15:14:19.764  WARN 5864 --- [main] o.m.s.mapper.ClassPathMapperScanner      : No MyBatis mapper was found in '[io.renren.cloud.zuul]' package. Please check your configuration.
2019-10-12 15:14:20.963  INFO 5864 --- [main] o.apache.catalina.core.StandardService   : Starting service [Tomcat]
2019-10-12 15:14:20.963  INFO 5864 --- [main] org.apache.catalina.core.StandardEngine  : Starting Servlet Engine: Apache Tomcat/8.5.29
2019-10-12 15:14:20.968  INFO 5864 --- [localhost-startStop-1] o.a.catalina.core.AprLifecycleListener   : The APR based Apache Tomcat Native library which allows optimal performance in production environments was not found on the java.library.path: [C:\Program Files\Java\jdk1.8.0_211\bin;C:\WINDOWS\Sun\Java\bin;C:\WINDOWS\system32;C:\WINDOWS;C:\Program Files\Docker\Docker\Resources\bin;C:\ProgramData\DockerDesktop\version-bin;C:\Program Files (x86)\Common Files\Oracle\Java\javapath;C:\Program Files (x86)\Intel\iCLS Client\;C:\Program Files\Intel\iCLS Client\;C:\Windows\system32;C:\Windows;C:\Windows\System32\Wbem;C:\Windows\System32\WindowsPowerShell\v1.0\;C:\Program Files (x86)\NVIDIA Corporation\PhysX\Common;C:\Program Files (x86)\Intel\Intel(R) Management Engine Components\DAL;C:\Program Files\Intel\Intel(R) Management Engine Components\DAL;C:\Program Files (x86)\Intel\Intel(R) Management Engine Components\IPT;C:\Program Files\Intel\Intel(R) Management Engine Components\IPT;C:\WINDOWS\system32;C:\WINDOWS;C:\WINDOWS\System32\Wbem;C:\WINDOWS\System32\WindowsPowerShell\v1.0\;C:\WINDOWS\System32\OpenSSH\;C:\Program Files\TortoiseSVN\bin;C:\Program Files\nodejs\;C:\Program Files\Git\cmd;C:\Program Files\MySQL\MySQL Shell 8.0\bin\;C:\Users\zongsuo\AppData\Roaming\npm;C:\Users\zongsuo\AppData\Local\Programs\Microsoft VS Code\bin;C:\Users\zongsuo\AppData\Local\Microsoft\WindowsApps;;.]
2019-10-12 15:14:21.090  INFO 5864 --- [localhost-startStop-1] o.a.c.c.C.[Tomcat].[localhost].[/]       : Initializing Spring embedded WebApplicationContext
2019-10-12 15:14:24.291  INFO 5864 --- [localhost-startStop-1] c.a.d.s.b.a.DruidDataSourceAutoConfigure : Init DruidDataSource
2019-10-12 15:14:24.684  INFO 5864 --- [localhost-startStop-1] com.alibaba.druid.pool.DruidDataSource   : {dataSource-1} inited
2019-10-12 15:14:25.472  WARN 5864 --- [localhost-startStop-1] c.n.c.sources.URLConfigurationSource     : No URLs will be polled as dynamic configuration sources.
2019-10-12 15:14:25.472  INFO 5864 --- [localhost-startStop-1] c.n.c.sources.URLConfigurationSource     : To enable URLs as dynamic configuration sources, define System property archaius.configurationSource.additionalUrls or make config.properties available on classpath.
2019-10-12 15:14:25.477  INFO 5864 --- [localhost-startStop-1] c.netflix.config.DynamicPropertyFactory  : DynamicPropertyFactory is initialized with configuration sources: com.netflix.config.ConcurrentCompositeConfiguration@74b3fd62
2019-10-12 15:14:26.573  INFO 5864 --- [main] pertySourcedRequestMappingHandlerMapping : Mapped URL path [/v2/api-docs] onto method [public org.springframework.http.ResponseEntity<springfox.documentation.spring.web.json.Json> springfox.documentation.swagger2.web.Swagger2Controller.getDocumentation(java.lang.String,javax.servlet.http.HttpServletRequest)]
2019-10-12 15:14:26.669  WARN 5864 --- [main] c.n.c.sources.URLConfigurationSource     : No URLs will be polled as dynamic configuration sources.
2019-10-12 15:14:26.670  INFO 5864 --- [main] c.n.c.sources.URLConfigurationSource     : To enable URLs as dynamic configuration sources, define System property archaius.configurationSource.additionalUrls or make config.properties available on classpath.
2019-10-12 15:14:27.855  WARN 5864 --- [main] o.s.b.a.f.FreeMarkerAutoConfiguration    : Cannot find template location(s): [classpath:/templates/] (please add some templates, check your FreeMarker configuration, or set spring.freemarker.checkTemplateLocation=false)
2019-10-12 15:14:28.718  INFO 5864 --- [main] com.netflix.discovery.DiscoveryClient    : Initializing Eureka in region us-east-1
2019-10-12 15:14:29.437  INFO 5864 --- [main] c.n.d.provider.DiscoveryJerseyProvider   : Using JSON encoding codec LegacyJacksonJson
2019-10-12 15:14:29.437  INFO 5864 --- [main] c.n.d.provider.DiscoveryJerseyProvider   : Using JSON decoding codec LegacyJacksonJson
2019-10-12 15:14:29.558  INFO 5864 --- [main] c.n.d.provider.DiscoveryJerseyProvider   : Using XML encoding codec XStreamXml
2019-10-12 15:14:29.558  INFO 5864 --- [main] c.n.d.provider.DiscoveryJerseyProvider   : Using XML decoding codec XStreamXml
2019-10-12 15:14:29.861  INFO 5864 --- [main] c.n.d.s.r.aws.ConfigClusterResolver      : Resolving eureka endpoints via configuration
2019-10-12 15:14:30.029  INFO 5864 --- [main] com.netflix.discovery.DiscoveryClient    : Disable delta property : false
2019-10-12 15:14:30.030  INFO 5864 --- [main] com.netflix.discovery.DiscoveryClient    : Single vip registry refresh property : null
2019-10-12 15:14:30.030  INFO 5864 --- [main] com.netflix.discovery.DiscoveryClient    : Force full registry fetch : false
2019-10-12 15:14:30.030  INFO 5864 --- [main] com.netflix.discovery.DiscoveryClient    : Application is null : false
2019-10-12 15:14:30.030  INFO 5864 --- [main] com.netflix.discovery.DiscoveryClient    : Registered Applications size is zero : true
2019-10-12 15:14:30.030  INFO 5864 --- [main] com.netflix.discovery.DiscoveryClient    : Application version is -1: true
2019-10-12 15:14:30.030  INFO 5864 --- [main] com.netflix.discovery.DiscoveryClient    : Getting all instance registry info from the eureka server
2019-10-12 15:14:30.211  INFO 5864 --- [main] com.netflix.discovery.DiscoveryClient    : The response status is 200
2019-10-12 15:14:30.215  INFO 5864 --- [main] com.netflix.discovery.DiscoveryClient    : Starting heartbeat executor: renew interval is: 30
2019-10-12 15:14:30.217  INFO 5864 --- [main] c.n.discovery.InstanceInfoReplicator     : InstanceInfoReplicator onDemand update allowed rate per min is 4
2019-10-12 15:14:30.222  INFO 5864 --- [main] com.netflix.discovery.DiscoveryClient    : Discovery Client initialized at timestamp 1570864470220 with initial instances count: 1
2019-10-12 15:14:30.228  INFO 5864 --- [main] com.netflix.discovery.DiscoveryClient    : Saw local status change event StatusChangeEvent [timestamp=1570864470228, current=UP, previous=STARTING]
2019-10-12 15:14:30.230  INFO 5864 --- [DiscoveryClient-InstanceInfoReplicator-0] com.netflix.discovery.DiscoveryClient    : DiscoveryClient_RENREN-CLOUD-ZUUL/localhost:renren-cloud-zuul:8200: registering service...
2019-10-12 15:14:30.234  INFO 5864 --- [main] d.s.w.p.DocumentationPluginsBootstrapper : Context refreshed
2019-10-12 15:14:30.254  INFO 5864 --- [main] d.s.w.p.DocumentationPluginsBootstrapper : Found 1 custom documentation plugin(s)
2019-10-12 15:14:30.268  INFO 5864 --- [DiscoveryClient-InstanceInfoReplicator-0] com.netflix.discovery.DiscoveryClient    : DiscoveryClient_RENREN-CLOUD-ZUUL/localhost:renren-cloud-zuul:8200 - registration status: 204
2019-10-12 15:14:30.294  INFO 5864 --- [main] s.d.s.w.s.ApiListingReferenceScanner     : Scanning for api listing references
2019-10-12 15:14:30.495  INFO 5864 --- [main] s.b.v.p.parameter.SizeAnnotationPlugin   : searching for @size: false
2019-10-12 15:14:30.499  INFO 5864 --- [main] s.b.v.p.parameter.SizeAnnotationPlugin   : searching for @size: false
2019-10-12 15:14:30.500  INFO 5864 --- [main] .d.s.w.r.o.CachingOperationNameGenerator : Generating unique operation named: handleUsingGET_1
2019-10-12 15:14:30.593  INFO 5864 --- [main] i.r.cloud.zuul.ZuulSpringApplication     : Started ZuulSpringApplication in 15.559 seconds (JVM running for 16.669)
2019-10-12 15:14:30.597 DEBUG 5864 --- [main] i.renren.cloud.zuul.config.CacheManager  : 缓存管理-->缓存初始化:服务启动!
2019-10-12 15:14:30.597 DEBUG 5864 --- [main] i.renren.cloud.zuul.config.CacheManager  : 缓存管理-->缓存初始化:初始化完成!
2019-10-12 15:14:31.093  INFO 5864 --- [RMI TCP Connection(1)-172.22.240.1] o.a.c.c.C.[Tomcat].[localhost].[/]       : Initializing Spring FrameworkServlet 'dispatcherServlet'
2019-10-12 15:14:31.232  INFO 5864 --- [RMI TCP Connection(2)-172.22.240.1] io.lettuce.core.EpollProvider            : Starting without optional epoll library
2019-10-12 15:14:31.234  INFO 5864 --- [RMI TCP Connection(2)-172.22.240.1] io.lettuce.core.KqueueProvider           : Starting without optional kqueue library
2019-10-12 15:16:43.344 DEBUG 5864 --- [http-nio-8200-exec-1] i.r.cloud.zuul.zuul.LogPreZuulFilter     : 网关拦截器Header请求参数：host=sharkapp.natapp4.cc
2019-10-12 15:16:43.344 DEBUG 5864 --- [http-nio-8200-exec-1] i.r.cloud.zuul.zuul.LogPreZuulFilter     : 网关拦截器Header请求参数：user-agent=Mozilla/5.0 (Windows NT 10.0; WOW64) AppleWebKit/537.36 (KHTML, like Gecko) Chrome/74.0.3729.131 Safari/537.36
2019-10-12 15:16:43.345 DEBUG 5864 --- [http-nio-8200-exec-1] i.r.cloud.zuul.zuul.LogPreZuulFilter     : 网关拦截器Header请求参数：content-length=46
2019-10-12 15:16:43.345 DEBUG 5864 --- [http-nio-8200-exec-1] i.r.cloud.zuul.zuul.LogPreZuulFilter     : 网关拦截器Header请求参数：accept=application/json, text/plain, */*
2019-10-12 15:16:43.345 DEBUG 5864 --- [http-nio-8200-exec-1] i.r.cloud.zuul.zuul.LogPreZuulFilter     : 网关拦截器Header请求参数：accept-encoding=gzip, deflate, br
2019-10-12 15:16:43.345 DEBUG 5864 --- [http-nio-8200-exec-1] i.r.cloud.zuul.zuul.LogPreZuulFilter     : 网关拦截器Header请求参数：accept-language=zh-CN,zh;q=0.9
2019-10-12 15:16:43.345 DEBUG 5864 --- [http-nio-8200-exec-1] i.r.cloud.zuul.zuul.LogPreZuulFilter     : 网关拦截器Header请求参数：connection=close
2019-10-12 15:16:43.345 DEBUG 5864 --- [http-nio-8200-exec-1] i.r.cloud.zuul.zuul.LogPreZuulFilter     : 网关拦截器Header请求参数：content-type=application/json;charset=UTF-8
2019-10-12 15:16:43.345 DEBUG 5864 --- [http-nio-8200-exec-1] i.r.cloud.zuul.zuul.LogPreZuulFilter     : 网关拦截器Header请求参数：cookie=_ga=GA1.1.436235723.1558511987; Idea-168b9c8f=b3fc9118-d343-416d-b1ff-2ee9ae7f5f85
2019-10-12 15:16:43.346 DEBUG 5864 --- [http-nio-8200-exec-1] i.r.cloud.zuul.zuul.LogPreZuulFilter     : 网关拦截器Header请求参数：origin=http://localhost:9527
2019-10-12 15:16:43.346 DEBUG 5864 --- [http-nio-8200-exec-1] i.r.cloud.zuul.zuul.LogPreZuulFilter     : 网关拦截器Header请求参数：referer=http://localhost:9527/
2019-10-12 15:16:43.346 DEBUG 5864 --- [http-nio-8200-exec-1] i.r.cloud.zuul.zuul.LogPreZuulFilter     : 网关拦截器Header请求参数：x-forwarded-for=127.0.0.1
2019-10-12 15:16:43.346 DEBUG 5864 --- [http-nio-8200-exec-1] i.r.cloud.zuul.zuul.LogPreZuulFilter     : 网关拦截器Header请求参数：x-forwarded-host=localhost:9527
2019-10-12 15:16:43.346 DEBUG 5864 --- [http-nio-8200-exec-1] i.r.cloud.zuul.zuul.LogPreZuulFilter     : 网关拦截器Header请求参数：x-forwarded-port=9527
2019-10-12 15:16:43.346 DEBUG 5864 --- [http-nio-8200-exec-1] i.r.cloud.zuul.zuul.LogPreZuulFilter     : 网关拦截器Header请求参数：x-forwarded-proto=http
2019-10-12 15:16:43.346 DEBUG 5864 --- [http-nio-8200-exec-1] i.r.cloud.zuul.zuul.LogPreZuulFilter     : 网关拦截器Header请求参数：x-natapp-ip=211.161.167.37
2019-10-12 15:16:43.346 DEBUG 5864 --- [http-nio-8200-exec-1] i.r.cloud.zuul.zuul.LogPreZuulFilter     : 网关拦截器Header请求参数：x-real-ip=211.161.167.37
2019-10-12 15:16:43.655  INFO 5864 --- [http-nio-8200-exec-1] c.netflix.config.ChainedDynamicProperty  : Flipping property: renren-client-token.ribbon.ActiveConnectionsLimit to use NEXT property: niws.loadbalancer.availabilityFilteringRule.activeConnectionsLimit = 2147483647
2019-10-12 15:16:43.686  INFO 5864 --- [http-nio-8200-exec-1] c.n.u.concurrent.ShutdownEnabledTimer    : Shutdown hook installed for: NFLoadBalancer-PingTimer-renren-client-token
2019-10-12 15:16:43.694  INFO 5864 --- [http-nio-8200-exec-1] c.netflix.loadbalancer.BaseLoadBalancer  : Client: renren-client-token instantiated a LoadBalancer: DynamicServerListLoadBalancer:{NFLoadBalancer:name=renren-client-token,current list of Servers=[],Load balancer stats=Zone stats: {},Server stats: []}ServerList:null
2019-10-12 15:16:43.702  INFO 5864 --- [http-nio-8200-exec-1] c.n.l.DynamicServerListLoadBalancer      : Using serverListUpdater PollingServerListUpdater
2019-10-12 15:16:43.710  INFO 5864 --- [http-nio-8200-exec-1] c.n.l.DynamicServerListLoadBalancer      : DynamicServerListLoadBalancer for client renren-client-token initialized: DynamicServerListLoadBalancer:{NFLoadBalancer:name=renren-client-token,current list of Servers=[],Load balancer stats=Zone stats: {},Server stats: []}ServerList:org.springframework.cloud.netflix.ribbon.eureka.DomainExtractingServerList@79fd6269
2019-10-12 15:16:51.286 DEBUG 5864 --- [http-nio-8200-exec-2] i.r.cloud.zuul.zuul.LogPreZuulFilter     : 网关拦截器Header请求参数：host=sharkapp.natapp4.cc
2019-10-12 15:16:51.286 DEBUG 5864 --- [http-nio-8200-exec-2] i.r.cloud.zuul.zuul.LogPreZuulFilter     : 网关拦截器Header请求参数：user-agent=Mozilla/5.0 (Windows NT 10.0; WOW64) AppleWebKit/537.36 (KHTML, like Gecko) Chrome/74.0.3729.131 Safari/537.36
2019-10-12 15:16:51.286 DEBUG 5864 --- [http-nio-8200-exec-2] i.r.cloud.zuul.zuul.LogPreZuulFilter     : 网关拦截器Header请求参数：content-length=46
2019-10-12 15:16:51.286 DEBUG 5864 --- [http-nio-8200-exec-2] i.r.cloud.zuul.zuul.LogPreZuulFilter     : 网关拦截器Header请求参数：accept=application/json, text/plain, */*
2019-10-12 15:16:51.286 DEBUG 5864 --- [http-nio-8200-exec-2] i.r.cloud.zuul.zuul.LogPreZuulFilter     : 网关拦截器Header请求参数：accept-encoding=gzip, deflate, br
2019-10-12 15:16:51.286 DEBUG 5864 --- [http-nio-8200-exec-2] i.r.cloud.zuul.zuul.LogPreZuulFilter     : 网关拦截器Header请求参数：accept-language=zh-CN,zh;q=0.9
2019-10-12 15:16:51.286 DEBUG 5864 --- [http-nio-8200-exec-2] i.r.cloud.zuul.zuul.LogPreZuulFilter     : 网关拦截器Header请求参数：connection=close
2019-10-12 15:16:51.287 DEBUG 5864 --- [http-nio-8200-exec-2] i.r.cloud.zuul.zuul.LogPreZuulFilter     : 网关拦截器Header请求参数：content-type=application/json;charset=UTF-8
2019-10-12 15:16:51.287 DEBUG 5864 --- [http-nio-8200-exec-2] i.r.cloud.zuul.zuul.LogPreZuulFilter     : 网关拦截器Header请求参数：cookie=_ga=GA1.1.436235723.1558511987; Idea-168b9c8f=b3fc9118-d343-416d-b1ff-2ee9ae7f5f85
2019-10-12 15:16:51.287 DEBUG 5864 --- [http-nio-8200-exec-2] i.r.cloud.zuul.zuul.LogPreZuulFilter     : 网关拦截器Header请求参数：origin=http://localhost:9527
2019-10-12 15:16:51.287 DEBUG 5864 --- [http-nio-8200-exec-2] i.r.cloud.zuul.zuul.LogPreZuulFilter     : 网关拦截器Header请求参数：referer=http://localhost:9527/
2019-10-12 15:16:51.287 DEBUG 5864 --- [http-nio-8200-exec-2] i.r.cloud.zuul.zuul.LogPreZuulFilter     : 网关拦截器Header请求参数：x-forwarded-for=127.0.0.1
2019-10-12 15:16:51.287 DEBUG 5864 --- [http-nio-8200-exec-2] i.r.cloud.zuul.zuul.LogPreZuulFilter     : 网关拦截器Header请求参数：x-forwarded-host=localhost:9527
2019-10-12 15:16:51.287 DEBUG 5864 --- [http-nio-8200-exec-2] i.r.cloud.zuul.zuul.LogPreZuulFilter     : 网关拦截器Header请求参数：x-forwarded-port=9527
2019-10-12 15:16:51.287 DEBUG 5864 --- [http-nio-8200-exec-2] i.r.cloud.zuul.zuul.LogPreZuulFilter     : 网关拦截器Header请求参数：x-forwarded-proto=http
2019-10-12 15:16:51.287 DEBUG 5864 --- [http-nio-8200-exec-2] i.r.cloud.zuul.zuul.LogPreZuulFilter     : 网关拦截器Header请求参数：x-natapp-ip=211.161.167.37
2019-10-12 15:16:51.287 DEBUG 5864 --- [http-nio-8200-exec-2] i.r.cloud.zuul.zuul.LogPreZuulFilter     : 网关拦截器Header请求参数：x-real-ip=211.161.167.37
2019-10-12 15:17:28.436 DEBUG 5864 --- [http-nio-8200-exec-4] i.r.cloud.zuul.zuul.LogPreZuulFilter     : 网关拦截器Header请求参数：host=sharkapp.natapp4.cc
2019-10-12 15:17:28.437 DEBUG 5864 --- [http-nio-8200-exec-4] i.r.cloud.zuul.zuul.LogPreZuulFilter     : 网关拦截器Header请求参数：user-agent=Mozilla/5.0 (Windows NT 10.0; WOW64) AppleWebKit/537.36 (KHTML, like Gecko) Chrome/74.0.3729.131 Safari/537.36
2019-10-12 15:17:28.437 DEBUG 5864 --- [http-nio-8200-exec-4] i.r.cloud.zuul.zuul.LogPreZuulFilter     : 网关拦截器Header请求参数：content-length=46
2019-10-12 15:17:28.437 DEBUG 5864 --- [http-nio-8200-exec-4] i.r.cloud.zuul.zuul.LogPreZuulFilter     : 网关拦截器Header请求参数：accept=application/json, text/plain, */*
2019-10-12 15:17:28.437 DEBUG 5864 --- [http-nio-8200-exec-4] i.r.cloud.zuul.zuul.LogPreZuulFilter     : 网关拦截器Header请求参数：accept-encoding=gzip, deflate, br
2019-10-12 15:17:28.437 DEBUG 5864 --- [http-nio-8200-exec-4] i.r.cloud.zuul.zuul.LogPreZuulFilter     : 网关拦截器Header请求参数：accept-language=zh-CN,zh;q=0.9
2019-10-12 15:17:28.437 DEBUG 5864 --- [http-nio-8200-exec-4] i.r.cloud.zuul.zuul.LogPreZuulFilter     : 网关拦截器Header请求参数：connection=close
2019-10-12 15:17:28.437 DEBUG 5864 --- [http-nio-8200-exec-4] i.r.cloud.zuul.zuul.LogPreZuulFilter     : 网关拦截器Header请求参数：content-type=application/json;charset=UTF-8
2019-10-12 15:17:28.437 DEBUG 5864 --- [http-nio-8200-exec-4] i.r.cloud.zuul.zuul.LogPreZuulFilter     : 网关拦截器Header请求参数：cookie=_ga=GA1.1.436235723.1558511987; Idea-168b9c8f=b3fc9118-d343-416d-b1ff-2ee9ae7f5f85
2019-10-12 15:17:28.438 DEBUG 5864 --- [http-nio-8200-exec-4] i.r.cloud.zuul.zuul.LogPreZuulFilter     : 网关拦截器Header请求参数：origin=http://localhost:9527
2019-10-12 15:17:28.438 DEBUG 5864 --- [http-nio-8200-exec-4] i.r.cloud.zuul.zuul.LogPreZuulFilter     : 网关拦截器Header请求参数：referer=http://localhost:9527/
2019-10-12 15:17:28.438 DEBUG 5864 --- [http-nio-8200-exec-4] i.r.cloud.zuul.zuul.LogPreZuulFilter     : 网关拦截器Header请求参数：x-forwarded-for=127.0.0.1
2019-10-12 15:17:28.438 DEBUG 5864 --- [http-nio-8200-exec-4] i.r.cloud.zuul.zuul.LogPreZuulFilter     : 网关拦截器Header请求参数：x-forwarded-host=localhost:9527
2019-10-12 15:17:28.438 DEBUG 5864 --- [http-nio-8200-exec-4] i.r.cloud.zuul.zuul.LogPreZuulFilter     : 网关拦截器Header请求参数：x-forwarded-port=9527
2019-10-12 15:17:28.438 DEBUG 5864 --- [http-nio-8200-exec-4] i.r.cloud.zuul.zuul.LogPreZuulFilter     : 网关拦截器Header请求参数：x-forwarded-proto=http
2019-10-12 15:17:28.439 DEBUG 5864 --- [http-nio-8200-exec-4] i.r.cloud.zuul.zuul.LogPreZuulFilter     : 网关拦截器Header请求参数：x-natapp-ip=211.161.167.37
2019-10-12 15:17:28.439 DEBUG 5864 --- [http-nio-8200-exec-4] i.r.cloud.zuul.zuul.LogPreZuulFilter     : 网关拦截器Header请求参数：x-real-ip=211.161.167.37
2019-10-12 15:17:28.493  INFO 5864 --- [http-nio-8200-exec-4] c.netflix.config.ChainedDynamicProperty  : Flipping property: renren-client-simple.ribbon.ActiveConnectionsLimit to use NEXT property: niws.loadbalancer.availabilityFilteringRule.activeConnectionsLimit = 2147483647
2019-10-12 15:17:28.494  INFO 5864 --- [http-nio-8200-exec-4] c.n.u.concurrent.ShutdownEnabledTimer    : Shutdown hook installed for: NFLoadBalancer-PingTimer-renren-client-simple
2019-10-12 15:17:28.495  INFO 5864 --- [http-nio-8200-exec-4] c.netflix.loadbalancer.BaseLoadBalancer  : Client: renren-client-simple instantiated a LoadBalancer: DynamicServerListLoadBalancer:{NFLoadBalancer:name=renren-client-simple,current list of Servers=[],Load balancer stats=Zone stats: {},Server stats: []}ServerList:null
2019-10-12 15:17:28.496  INFO 5864 --- [http-nio-8200-exec-4] c.n.l.DynamicServerListLoadBalancer      : Using serverListUpdater PollingServerListUpdater
2019-10-12 15:17:28.510  INFO 5864 --- [http-nio-8200-exec-4] c.netflix.config.ChainedDynamicProperty  : Flipping property: renren-client-simple.ribbon.ActiveConnectionsLimit to use NEXT property: niws.loadbalancer.availabilityFilteringRule.activeConnectionsLimit = 2147483647
2019-10-12 15:17:28.515  INFO 5864 --- [http-nio-8200-exec-4] c.n.l.DynamicServerListLoadBalancer      : DynamicServerListLoadBalancer for client renren-client-simple initialized: DynamicServerListLoadBalancer:{NFLoadBalancer:name=renren-client-simple,current list of Servers=[localhost:9190],Load balancer stats=Zone stats: {defaultzone=[Zone:defaultzone;	Instance count:1;	Active connections count: 0;	Circuit breaker tripped count: 0;	Active connections per server: 0.0;]
},Server stats: [[Server:localhost:9190;	Zone:defaultZone;	Total Requests:0;	Successive connection failure:0;	Total blackout seconds:0;	Last connection made:Thu Jan 01 08:00:00 CST 1970;	First connection made: Thu Jan 01 08:00:00 CST 1970;	Active Connections:0;	total failure count in last (1000) msecs:0;	average resp time:0.0;	90 percentile resp time:0.0;	95 percentile resp time:0.0;	min resp time:0.0;	max resp time:0.0;	stddev resp time:0.0]
]}ServerList:org.springframework.cloud.netflix.ribbon.eureka.DomainExtractingServerList@3cfcd635
2019-10-12 15:17:29.499  INFO 5864 --- [PollingServerListUpdater-0] c.netflix.config.ChainedDynamicProperty  : Flipping property: renren-client-simple.ribbon.ActiveConnectionsLimit to use NEXT property: niws.loadbalancer.availabilityFilteringRule.activeConnectionsLimit = 2147483647
2019-10-12 15:17:30.204 DEBUG 5864 --- [http-nio-8200-exec-5] i.r.cloud.zuul.zuul.LogPreZuulFilter     : 网关拦截器Header请求参数：host=sharkapp.natapp4.cc
2019-10-12 15:17:30.204 DEBUG 5864 --- [http-nio-8200-exec-5] i.r.cloud.zuul.zuul.LogPreZuulFilter     : 网关拦截器Header请求参数：user-agent=Mozilla/5.0 (Windows NT 10.0; WOW64) AppleWebKit/537.36 (KHTML, like Gecko) Chrome/74.0.3729.131 Safari/537.36
2019-10-12 15:17:30.204 DEBUG 5864 --- [http-nio-8200-exec-5] i.r.cloud.zuul.zuul.LogPreZuulFilter     : 网关拦截器Header请求参数：content-length=2
2019-10-12 15:17:30.204 DEBUG 5864 --- [http-nio-8200-exec-5] i.r.cloud.zuul.zuul.LogPreZuulFilter     : 网关拦截器Header请求参数：accept=application/json, text/plain, */*
2019-10-12 15:17:30.204 DEBUG 5864 --- [http-nio-8200-exec-5] i.r.cloud.zuul.zuul.LogPreZuulFilter     : 网关拦截器Header请求参数：accept-encoding=gzip, deflate, br
2019-10-12 15:17:30.205 DEBUG 5864 --- [http-nio-8200-exec-5] i.r.cloud.zuul.zuul.LogPreZuulFilter     : 网关拦截器Header请求参数：accept-language=zh-CN,zh;q=0.9
2019-10-12 15:17:30.205 DEBUG 5864 --- [http-nio-8200-exec-5] i.r.cloud.zuul.zuul.LogPreZuulFilter     : 网关拦截器Header请求参数：connection=close
2019-10-12 15:17:30.205 DEBUG 5864 --- [http-nio-8200-exec-5] i.r.cloud.zuul.zuul.LogPreZuulFilter     : 网关拦截器Header请求参数：content-type=application/json;charset=UTF-8
2019-10-12 15:17:30.205 DEBUG 5864 --- [http-nio-8200-exec-5] i.r.cloud.zuul.zuul.LogPreZuulFilter     : 网关拦截器Header请求参数：cookie=_ga=GA1.1.436235723.1558511987; Idea-168b9c8f=b3fc9118-d343-416d-b1ff-2ee9ae7f5f85; token=c8d693fabf3644a0aaae419fea9daf76
2019-10-12 15:17:30.205 DEBUG 5864 --- [http-nio-8200-exec-5] i.r.cloud.zuul.zuul.LogPreZuulFilter     : 网关拦截器Header请求参数：origin=http://localhost:9527
2019-10-12 15:17:30.205 DEBUG 5864 --- [http-nio-8200-exec-5] i.r.cloud.zuul.zuul.LogPreZuulFilter     : 网关拦截器Header请求参数：referer=http://localhost:9527/
2019-10-12 15:17:30.205 DEBUG 5864 --- [http-nio-8200-exec-5] i.r.cloud.zuul.zuul.LogPreZuulFilter     : 网关拦截器Header请求参数：token=c8d693fabf3644a0aaae419fea9daf76
2019-10-12 15:17:30.205 DEBUG 5864 --- [http-nio-8200-exec-5] i.r.cloud.zuul.zuul.LogPreZuulFilter     : 网关拦截器Header请求参数：x-forwarded-for=127.0.0.1
2019-10-12 15:17:30.205 DEBUG 5864 --- [http-nio-8200-exec-5] i.r.cloud.zuul.zuul.LogPreZuulFilter     : 网关拦截器Header请求参数：x-forwarded-host=localhost:9527
2019-10-12 15:17:30.205 DEBUG 5864 --- [http-nio-8200-exec-5] i.r.cloud.zuul.zuul.LogPreZuulFilter     : 网关拦截器Header请求参数：x-forwarded-port=9527
2019-10-12 15:17:30.205 DEBUG 5864 --- [http-nio-8200-exec-5] i.r.cloud.zuul.zuul.LogPreZuulFilter     : 网关拦截器Header请求参数：x-forwarded-proto=http
2019-10-12 15:17:30.205 DEBUG 5864 --- [http-nio-8200-exec-5] i.r.cloud.zuul.zuul.LogPreZuulFilter     : 网关拦截器Header请求参数：x-natapp-ip=211.161.167.37
2019-10-12 15:17:30.206 DEBUG 5864 --- [http-nio-8200-exec-5] i.r.cloud.zuul.zuul.LogPreZuulFilter     : 网关拦截器Header请求参数：x-real-ip=211.161.167.37
2019-10-12 15:19:30.032  INFO 5864 --- [AsyncResolver-bootstrap-executor-0] c.n.d.s.r.aws.ConfigClusterResolver      : Resolving eureka endpoints via configuration
2019-10-12 15:24:30.033  INFO 5864 --- [AsyncResolver-bootstrap-executor-0] c.n.d.s.r.aws.ConfigClusterResolver      : Resolving eureka endpoints via configuration
2019-10-12 15:29:30.036  INFO 5864 --- [AsyncResolver-bootstrap-executor-0] c.n.d.s.r.aws.ConfigClusterResolver      : Resolving eureka endpoints via configuration
2019-10-12 15:34:30.038  INFO 5864 --- [AsyncResolver-bootstrap-executor-0] c.n.d.s.r.aws.ConfigClusterResolver      : Resolving eureka endpoints via configuration
2019-10-12 15:39:30.040  INFO 5864 --- [AsyncResolver-bootstrap-executor-0] c.n.d.s.r.aws.ConfigClusterResolver      : Resolving eureka endpoints via configuration
2019-10-12 15:44:30.042  INFO 5864 --- [AsyncResolver-bootstrap-executor-0] c.n.d.s.r.aws.ConfigClusterResolver      : Resolving eureka endpoints via configuration
2019-10-12 15:49:30.044  INFO 5864 --- [AsyncResolver-bootstrap-executor-0] c.n.d.s.r.aws.ConfigClusterResolver      : Resolving eureka endpoints via configuration
2019-10-12 15:54:30.046  INFO 5864 --- [AsyncResolver-bootstrap-executor-0] c.n.d.s.r.aws.ConfigClusterResolver      : Resolving eureka endpoints via configuration
2019-10-12 15:54:35.228  INFO 5864 --- [Thread-55] c.n.l.PollingServerListUpdater           : Shutting down the Executor Pool for PollingServerListUpdater
2019-10-12 15:54:35.233  WARN 5864 --- [Thread-38] com.netflix.discovery.DiscoveryClient    : Saw local status change event StatusChangeEvent [timestamp=1570866875233, current=DOWN, previous=UP]
2019-10-12 15:54:35.234  INFO 5864 --- [DiscoveryClient-InstanceInfoReplicator-0] com.netflix.discovery.DiscoveryClient    : DiscoveryClient_RENREN-CLOUD-ZUUL/localhost:renren-cloud-zuul:8200: registering service...
2019-10-12 15:54:35.241  INFO 5864 --- [DiscoveryClient-InstanceInfoReplicator-0] com.netflix.discovery.DiscoveryClient    : DiscoveryClient_RENREN-CLOUD-ZUUL/localhost:renren-cloud-zuul:8200 - registration status: 204
2019-10-12 15:54:35.243  INFO 5864 --- [Thread-38] c.n.u.concurrent.ShutdownEnabledTimer    : Shutdown hook removed for: NFLoadBalancer-PingTimer-renren-client-simple
2019-10-12 15:54:35.250  INFO 5864 --- [Thread-38] c.n.u.concurrent.ShutdownEnabledTimer    : Exception caught (might be ok if at shutdown)

java.lang.IllegalStateException: Shutdown in progress
	at java.lang.ApplicationShutdownHooks.remove(ApplicationShutdownHooks.java:82) ~[na:1.8.0_211]
	at java.lang.Runtime.removeShutdownHook(Runtime.java:239) ~[na:1.8.0_211]
	at com.netflix.util.concurrent.ShutdownEnabledTimer.cancel(ShutdownEnabledTimer.java:70) ~[netflix-commons-util-0.1.1.jar:na]
	at com.netflix.loadbalancer.BaseLoadBalancer.cancelPingTask(BaseLoadBalancer.java:613) [ribbon-loadbalancer-2.2.4.jar:2.2.4]
	at com.netflix.loadbalancer.BaseLoadBalancer.shutdown(BaseLoadBalancer.java:864) [ribbon-loadbalancer-2.2.4.jar:2.2.4]
	at com.netflix.loadbalancer.DynamicServerListLoadBalancer.shutdown(DynamicServerListLoadBalancer.java:285) [ribbon-loadbalancer-2.2.4.jar:2.2.4]
	at sun.reflect.NativeMethodAccessorImpl.invoke0(Native Method) ~[na:1.8.0_211]
	at sun.reflect.NativeMethodAccessorImpl.invoke(NativeMethodAccessorImpl.java:62) ~[na:1.8.0_211]
	at sun.reflect.DelegatingMethodAccessorImpl.invoke(DelegatingMethodAccessorImpl.java:43) ~[na:1.8.0_211]
	at java.lang.reflect.Method.invoke(Method.java:498) ~[na:1.8.0_211]
	at org.springframework.beans.factory.support.DisposableBeanAdapter.invokeCustomDestroyMethod(DisposableBeanAdapter.java:337) [spring-beans-5.0.5.RELEASE.jar:5.0.5.RELEASE]
	at org.springframework.beans.factory.support.DisposableBeanAdapter.destroy(DisposableBeanAdapter.java:271) [spring-beans-5.0.5.RELEASE.jar:5.0.5.RELEASE]
	at org.springframework.beans.factory.support.DefaultSingletonBeanRegistry.destroyBean(DefaultSingletonBeanRegistry.java:577) [spring-beans-5.0.5.RELEASE.jar:5.0.5.RELEASE]
	at org.springframework.beans.factory.support.DefaultSingletonBeanRegistry.destroySingleton(DefaultSingletonBeanRegistry.java:549) [spring-beans-5.0.5.RELEASE.jar:5.0.5.RELEASE]
	at org.springframework.beans.factory.support.DefaultListableBeanFactory.destroySingleton(DefaultListableBeanFactory.java:957) [spring-beans-5.0.5.RELEASE.jar:5.0.5.RELEASE]
	at org.springframework.beans.factory.support.DefaultSingletonBeanRegistry.destroySingletons(DefaultSingletonBeanRegistry.java:510) [spring-beans-5.0.5.RELEASE.jar:5.0.5.RELEASE]
	at org.springframework.beans.factory.support.DefaultListableBeanFactory.destroySingletons(DefaultListableBeanFactory.java:964) [spring-beans-5.0.5.RELEASE.jar:5.0.5.RELEASE]
	at org.springframework.context.support.AbstractApplicationContext.destroyBeans(AbstractApplicationContext.java:1041) [spring-context-5.0.5.RELEASE.jar:5.0.5.RELEASE]
	at org.springframework.context.support.AbstractApplicationContext.doClose(AbstractApplicationContext.java:1017) [spring-context-5.0.5.RELEASE.jar:5.0.5.RELEASE]
	at org.springframework.context.support.AbstractApplicationContext.close(AbstractApplicationContext.java:967) [spring-context-5.0.5.RELEASE.jar:5.0.5.RELEASE]
	at org.springframework.cloud.context.named.NamedContextFactory.destroy(NamedContextFactory.java:76) [spring-cloud-context-2.0.0.M7.jar:2.0.0.M7]
	at org.springframework.beans.factory.support.DisposableBeanAdapter.destroy(DisposableBeanAdapter.java:256) [spring-beans-5.0.5.RELEASE.jar:5.0.5.RELEASE]
	at org.springframework.beans.factory.support.DefaultSingletonBeanRegistry.destroyBean(DefaultSingletonBeanRegistry.java:577) [spring-beans-5.0.5.RELEASE.jar:5.0.5.RELEASE]
	at org.springframework.beans.factory.support.DefaultSingletonBeanRegistry.destroySingleton(DefaultSingletonBeanRegistry.java:549) [spring-beans-5.0.5.RELEASE.jar:5.0.5.RELEASE]
	at org.springframework.beans.factory.support.DefaultListableBeanFactory.destroySingleton(DefaultListableBeanFactory.java:957) [spring-beans-5.0.5.RELEASE.jar:5.0.5.RELEASE]
	at org.springframework.beans.factory.support.DefaultSingletonBeanRegistry.destroySingletons(DefaultSingletonBeanRegistry.java:510) [spring-beans-5.0.5.RELEASE.jar:5.0.5.RELEASE]
	at org.springframework.beans.factory.support.DefaultListableBeanFactory.destroySingletons(DefaultListableBeanFactory.java:964) [spring-beans-5.0.5.RELEASE.jar:5.0.5.RELEASE]
	at org.springframework.context.support.AbstractApplicationContext.destroyBeans(AbstractApplicationContext.java:1041) [spring-context-5.0.5.RELEASE.jar:5.0.5.RELEASE]
	at org.springframework.context.support.AbstractApplicationContext.doClose(AbstractApplicationContext.java:1017) [spring-context-5.0.5.RELEASE.jar:5.0.5.RELEASE]
	at org.springframework.context.support.AbstractApplicationContext$1.run(AbstractApplicationContext.java:937) [spring-context-5.0.5.RELEASE.jar:5.0.5.RELEASE]

2019-10-12 15:54:35.252  INFO 5864 --- [Thread-38] c.n.u.concurrent.ShutdownEnabledTimer    : Shutdown hook removed for: NFLoadBalancer-PingTimer-renren-client-token
2019-10-12 15:54:35.253  INFO 5864 --- [Thread-38] c.n.u.concurrent.ShutdownEnabledTimer    : Exception caught (might be ok if at shutdown)

java.lang.IllegalStateException: Shutdown in progress
	at java.lang.ApplicationShutdownHooks.remove(ApplicationShutdownHooks.java:82) ~[na:1.8.0_211]
	at java.lang.Runtime.removeShutdownHook(Runtime.java:239) ~[na:1.8.0_211]
	at com.netflix.util.concurrent.ShutdownEnabledTimer.cancel(ShutdownEnabledTimer.java:70) ~[netflix-commons-util-0.1.1.jar:na]
	at com.netflix.loadbalancer.BaseLoadBalancer.cancelPingTask(BaseLoadBalancer.java:613) [ribbon-loadbalancer-2.2.4.jar:2.2.4]
	at com.netflix.loadbalancer.BaseLoadBalancer.shutdown(BaseLoadBalancer.java:864) [ribbon-loadbalancer-2.2.4.jar:2.2.4]
	at com.netflix.loadbalancer.DynamicServerListLoadBalancer.shutdown(DynamicServerListLoadBalancer.java:285) [ribbon-loadbalancer-2.2.4.jar:2.2.4]
	at sun.reflect.NativeMethodAccessorImpl.invoke0(Native Method) ~[na:1.8.0_211]
	at sun.reflect.NativeMethodAccessorImpl.invoke(NativeMethodAccessorImpl.java:62) ~[na:1.8.0_211]
	at sun.reflect.DelegatingMethodAccessorImpl.invoke(DelegatingMethodAccessorImpl.java:43) ~[na:1.8.0_211]
	at java.lang.reflect.Method.invoke(Method.java:498) ~[na:1.8.0_211]
	at org.springframework.beans.factory.support.DisposableBeanAdapter.invokeCustomDestroyMethod(DisposableBeanAdapter.java:337) [spring-beans-5.0.5.RELEASE.jar:5.0.5.RELEASE]
	at org.springframework.beans.factory.support.DisposableBeanAdapter.destroy(DisposableBeanAdapter.java:271) [spring-beans-5.0.5.RELEASE.jar:5.0.5.RELEASE]
	at org.springframework.beans.factory.support.DefaultSingletonBeanRegistry.destroyBean(DefaultSingletonBeanRegistry.java:577) [spring-beans-5.0.5.RELEASE.jar:5.0.5.RELEASE]
	at org.springframework.beans.factory.support.DefaultSingletonBeanRegistry.destroySingleton(DefaultSingletonBeanRegistry.java:549) [spring-beans-5.0.5.RELEASE.jar:5.0.5.RELEASE]
	at org.springframework.beans.factory.support.DefaultListableBeanFactory.destroySingleton(DefaultListableBeanFactory.java:957) [spring-beans-5.0.5.RELEASE.jar:5.0.5.RELEASE]
	at org.springframework.beans.factory.support.DefaultSingletonBeanRegistry.destroySingletons(DefaultSingletonBeanRegistry.java:510) [spring-beans-5.0.5.RELEASE.jar:5.0.5.RELEASE]
	at org.springframework.beans.factory.support.DefaultListableBeanFactory.destroySingletons(DefaultListableBeanFactory.java:964) [spring-beans-5.0.5.RELEASE.jar:5.0.5.RELEASE]
	at org.springframework.context.support.AbstractApplicationContext.destroyBeans(AbstractApplicationContext.java:1041) [spring-context-5.0.5.RELEASE.jar:5.0.5.RELEASE]
	at org.springframework.context.support.AbstractApplicationContext.doClose(AbstractApplicationContext.java:1017) [spring-context-5.0.5.RELEASE.jar:5.0.5.RELEASE]
	at org.springframework.context.support.AbstractApplicationContext.close(AbstractApplicationContext.java:967) [spring-context-5.0.5.RELEASE.jar:5.0.5.RELEASE]
	at org.springframework.cloud.context.named.NamedContextFactory.destroy(NamedContextFactory.java:76) [spring-cloud-context-2.0.0.M7.jar:2.0.0.M7]
	at org.springframework.beans.factory.support.DisposableBeanAdapter.destroy(DisposableBeanAdapter.java:256) [spring-beans-5.0.5.RELEASE.jar:5.0.5.RELEASE]
	at org.springframework.beans.factory.support.DefaultSingletonBeanRegistry.destroyBean(DefaultSingletonBeanRegistry.java:577) [spring-beans-5.0.5.RELEASE.jar:5.0.5.RELEASE]
	at org.springframework.beans.factory.support.DefaultSingletonBeanRegistry.destroySingleton(DefaultSingletonBeanRegistry.java:549) [spring-beans-5.0.5.RELEASE.jar:5.0.5.RELEASE]
	at org.springframework.beans.factory.support.DefaultListableBeanFactory.destroySingleton(DefaultListableBeanFactory.java:957) [spring-beans-5.0.5.RELEASE.jar:5.0.5.RELEASE]
	at org.springframework.beans.factory.support.DefaultSingletonBeanRegistry.destroySingletons(DefaultSingletonBeanRegistry.java:510) [spring-beans-5.0.5.RELEASE.jar:5.0.5.RELEASE]
	at org.springframework.beans.factory.support.DefaultListableBeanFactory.destroySingletons(DefaultListableBeanFactory.java:964) [spring-beans-5.0.5.RELEASE.jar:5.0.5.RELEASE]
	at org.springframework.context.support.AbstractApplicationContext.destroyBeans(AbstractApplicationContext.java:1041) [spring-context-5.0.5.RELEASE.jar:5.0.5.RELEASE]
	at org.springframework.context.support.AbstractApplicationContext.doClose(AbstractApplicationContext.java:1017) [spring-context-5.0.5.RELEASE.jar:5.0.5.RELEASE]
	at org.springframework.context.support.AbstractApplicationContext$1.run(AbstractApplicationContext.java:937) [spring-context-5.0.5.RELEASE.jar:5.0.5.RELEASE]

2019-10-12 15:54:36.415  INFO 5864 --- [Thread-38] com.alibaba.druid.pool.DruidDataSource   : {dataSource-1} closed
2019-10-12 15:54:36.415  INFO 5864 --- [Thread-38] com.netflix.discovery.DiscoveryClient    : Shutting down DiscoveryClient ...
2019-10-12 15:54:36.415  INFO 5864 --- [Thread-38] com.netflix.discovery.DiscoveryClient    : Unregistering ...
2019-10-12 15:54:36.425  INFO 5864 --- [Thread-38] com.netflix.discovery.DiscoveryClient    : DiscoveryClient_RENREN-CLOUD-ZUUL/localhost:renren-cloud-zuul:8200 - deregister  status: 200
2019-10-12 15:54:36.432  INFO 5864 --- [Thread-38] com.netflix.discovery.DiscoveryClient    : Completed shut down of DiscoveryClient
