2019-10-09 15:47:31.856  INFO 18364 --- [main] io.renren.SysClientTokenApplication      : The following profiles are active: dev
2019-10-09 15:47:36.269  INFO 18364 --- [main] o.apache.catalina.core.StandardService   : Starting service [Tomcat]
2019-10-09 15:47:36.270  INFO 18364 --- [main] org.apache.catalina.core.StandardEngine  : Starting Servlet Engine: Apache Tomcat/8.5.29
2019-10-09 15:47:36.288  INFO 18364 --- [localhost-startStop-1] o.a.catalina.core.AprLifecycleListener   : The APR based Apache Tomcat Native library which allows optimal performance in production environments was not found on the java.library.path: [C:\Program Files\Java\jdk1.8.0_211\bin;C:\WINDOWS\Sun\Java\bin;C:\WINDOWS\system32;C:\WINDOWS;C:\Program Files\Docker\Docker\Resources\bin;C:\ProgramData\DockerDesktop\version-bin;C:\Program Files (x86)\Common Files\Oracle\Java\javapath;C:\Program Files (x86)\Intel\iCLS Client\;C:\Program Files\Intel\iCLS Client\;C:\Windows\system32;C:\Windows;C:\Windows\System32\Wbem;C:\Windows\System32\WindowsPowerShell\v1.0\;C:\Program Files (x86)\NVIDIA Corporation\PhysX\Common;C:\Program Files (x86)\Intel\Intel(R) Management Engine Components\DAL;C:\Program Files\Intel\Intel(R) Management Engine Components\DAL;C:\Program Files (x86)\Intel\Intel(R) Management Engine Components\IPT;C:\Program Files\Intel\Intel(R) Management Engine Components\IPT;C:\WINDOWS\system32;C:\WINDOWS;C:\WINDOWS\System32\Wbem;C:\WINDOWS\System32\WindowsPowerShell\v1.0\;C:\WINDOWS\System32\OpenSSH\;C:\Program Files\TortoiseSVN\bin;C:\Program Files\nodejs\;C:\Program Files\Git\cmd;C:\Program Files\MySQL\MySQL Shell 8.0\bin\;C:\Users\zongsuo\AppData\Roaming\npm;C:\Users\zongsuo\AppData\Local\Programs\Microsoft VS Code\bin;C:\Users\zongsuo\AppData\Local\Microsoft\WindowsApps;;.]
2019-10-09 15:47:36.752  INFO 18364 --- [localhost-startStop-1] o.a.c.c.C.[Tomcat].[localhost].[/]       : Initializing Spring embedded WebApplicationContext
2019-10-09 15:47:38.388  INFO 18364 --- [main] c.a.d.s.b.a.DruidDataSourceAutoConfigure : Init DruidDataSource
2019-10-09 15:47:39.382  INFO 18364 --- [main] com.alibaba.druid.pool.DruidDataSource   : {dataSource-1} inited
2019-10-09 15:47:42.918  INFO 18364 --- [main] pertySourcedRequestMappingHandlerMapping : Mapped URL path [/v2/api-docs] onto method [public org.springframework.http.ResponseEntity<springfox.documentation.spring.web.json.Json> springfox.documentation.swagger2.web.Swagger2Controller.getDocumentation(java.lang.String,javax.servlet.http.HttpServletRequest)]
2019-10-09 15:47:43.305  WARN 18364 --- [main] c.n.c.sources.URLConfigurationSource     : No URLs will be polled as dynamic configuration sources.
2019-10-09 15:47:43.305  INFO 18364 --- [main] c.n.c.sources.URLConfigurationSource     : To enable URLs as dynamic configuration sources, define System property archaius.configurationSource.additionalUrls or make config.properties available on classpath.
2019-10-09 15:47:43.317  WARN 18364 --- [main] c.n.c.sources.URLConfigurationSource     : No URLs will be polled as dynamic configuration sources.
2019-10-09 15:47:43.317  INFO 18364 --- [main] c.n.c.sources.URLConfigurationSource     : To enable URLs as dynamic configuration sources, define System property archaius.configurationSource.additionalUrls or make config.properties available on classpath.
2019-10-09 15:47:46.274  WARN 18364 --- [main] o.s.b.a.f.FreeMarkerAutoConfiguration    : Cannot find template location(s): [classpath:/templates/] (please add some templates, check your FreeMarker configuration, or set spring.freemarker.checkTemplateLocation=false)
2019-10-09 15:47:52.782  INFO 18364 --- [main] com.netflix.discovery.DiscoveryClient    : Initializing Eureka in region us-east-1
2019-10-09 15:47:53.661  INFO 18364 --- [main] c.n.d.provider.DiscoveryJerseyProvider   : Using JSON encoding codec LegacyJacksonJson
2019-10-09 15:47:53.662  INFO 18364 --- [main] c.n.d.provider.DiscoveryJerseyProvider   : Using JSON decoding codec LegacyJacksonJson
2019-10-09 15:47:53.970  INFO 18364 --- [main] c.n.d.provider.DiscoveryJerseyProvider   : Using XML encoding codec XStreamXml
2019-10-09 15:47:53.971  INFO 18364 --- [main] c.n.d.provider.DiscoveryJerseyProvider   : Using XML decoding codec XStreamXml
2019-10-09 15:47:55.417  INFO 18364 --- [main] c.n.d.s.r.aws.ConfigClusterResolver      : Resolving eureka endpoints via configuration
2019-10-09 15:47:55.890  INFO 18364 --- [main] com.netflix.discovery.DiscoveryClient    : Disable delta property : false
2019-10-09 15:47:55.891  INFO 18364 --- [main] com.netflix.discovery.DiscoveryClient    : Single vip registry refresh property : null
2019-10-09 15:47:55.891  INFO 18364 --- [main] com.netflix.discovery.DiscoveryClient    : Force full registry fetch : false
2019-10-09 15:47:55.891  INFO 18364 --- [main] com.netflix.discovery.DiscoveryClient    : Application is null : false
2019-10-09 15:47:55.891  INFO 18364 --- [main] com.netflix.discovery.DiscoveryClient    : Registered Applications size is zero : true
2019-10-09 15:47:55.891  INFO 18364 --- [main] com.netflix.discovery.DiscoveryClient    : Application version is -1: true
2019-10-09 15:47:55.891  INFO 18364 --- [main] com.netflix.discovery.DiscoveryClient    : Getting all instance registry info from the eureka server
2019-10-09 15:47:56.250  INFO 18364 --- [main] com.netflix.discovery.DiscoveryClient    : The response status is 200
2019-10-09 15:47:56.255  INFO 18364 --- [main] com.netflix.discovery.DiscoveryClient    : Starting heartbeat executor: renew interval is: 1
2019-10-09 15:47:56.260  INFO 18364 --- [main] c.n.discovery.InstanceInfoReplicator     : InstanceInfoReplicator onDemand update allowed rate per min is 4
2019-10-09 15:47:56.269  INFO 18364 --- [main] com.netflix.discovery.DiscoveryClient    : Discovery Client initialized at timestamp 1570607276266 with initial instances count: 1
2019-10-09 15:47:56.283  INFO 18364 --- [main] com.netflix.discovery.DiscoveryClient    : Saw local status change event StatusChangeEvent [timestamp=1570607276283, current=UP, previous=STARTING]
2019-10-09 15:47:56.286  INFO 18364 --- [DiscoveryClient-InstanceInfoReplicator-0] com.netflix.discovery.DiscoveryClient    : DiscoveryClient_RENREN-CLIENT-TOKEN/localhost:renren-client-token:9100: registering service...
2019-10-09 15:47:56.289  INFO 18364 --- [main] d.s.w.p.DocumentationPluginsBootstrapper : Context refreshed
2019-10-09 15:47:56.330  INFO 18364 --- [main] d.s.w.p.DocumentationPluginsBootstrapper : Found 1 custom documentation plugin(s)
2019-10-09 15:47:56.354  INFO 18364 --- [DiscoveryClient-InstanceInfoReplicator-0] com.netflix.discovery.DiscoveryClient    : DiscoveryClient_RENREN-CLIENT-TOKEN/localhost:renren-client-token:9100 - registration status: 204
2019-10-09 15:47:56.408  INFO 18364 --- [main] s.d.s.w.s.ApiListingReferenceScanner     : Scanning for api listing references
2019-10-09 15:47:56.558  INFO 18364 --- [main] s.b.v.p.parameter.SizeAnnotationPlugin   : searching for @size: false
2019-10-09 15:47:56.937  INFO 18364 --- [main] s.b.v.p.parameter.SizeAnnotationPlugin   : searching for @size: false
2019-10-09 15:47:56.946  INFO 18364 --- [main] s.b.v.p.parameter.SizeAnnotationPlugin   : searching for @size: false
2019-10-09 15:47:56.955  INFO 18364 --- [main] s.b.v.p.parameter.SizeAnnotationPlugin   : searching for @size: false
2019-10-09 15:47:57.368  INFO 18364 --- [main] io.renren.SysClientTokenApplication      : Started SysClientTokenApplication in 31.499 seconds (JVM running for 34.855)
2019-10-09 15:47:57.371 DEBUG 18364 --- [main] io.renren.config.CacheManager            : 缓存管理-->缓存初始化:服务启动!
2019-10-09 15:50:05.902  INFO 18364 --- [http-nio-9100-exec-30] o.a.c.c.C.[Tomcat].[localhost].[/]       : Initializing Spring FrameworkServlet 'dispatcherServlet'
2019-10-09 15:50:06.778 DEBUG 18364 --- [http-nio-9100-exec-30] i.r.f.aspect.AuthzRegisterAspect         : 系统服务注册，开始时间：1570607406778
2019-10-09 15:50:07.754  INFO 18364 --- [http-nio-9100-exec-30] io.lettuce.core.EpollProvider            : Starting without optional epoll library
2019-10-09 15:50:07.758  INFO 18364 --- [http-nio-9100-exec-30] io.lettuce.core.KqueueProvider           : Starting without optional kqueue library
2019-10-09 15:50:12.723 DEBUG 18364 --- [http-nio-9100-exec-30] i.r.m.m.d.SysActivemqRequestDao.insert   : ==>  Preparing: INSERT INTO sys_activemq_request ( ID, activemq_type, activemq_context, sys_system ) VALUES ( ?, ?, ?, ? ) 
2019-10-09 15:50:12.836 DEBUG 18364 --- [http-nio-9100-exec-30] i.r.m.m.d.SysActivemqRequestDao.insert   : ==> Parameters: 156479676eb146c2a709e2641b68d716(String), io.renren.modules.queue.sys.sysService(String), {"method":"io.renren.modules.token.controller.ApiTokenSysController.loginSys","authzCode":"api:token:loginSys","icon":"skill","mqid":"156479676eb146c2a709e2641b68d716","authoritiesName":"api_token","isShow":"N","roleCnName":"","cnName":"登录-本地账号","roleName":"SYSTEM","name":"api_token_loginSys","perms":"","describe":"登录-本地账号","state":"START","authoritiesCnName":"系统登录权限","startUpType":"AUTO"}(String), system(String)
2019-10-09 15:50:13.102 DEBUG 18364 --- [http-nio-9100-exec-30] i.r.m.m.d.SysActivemqRequestDao.insert   : <==    Updates: 1
2019-10-09 15:50:15.015 DEBUG 18364 --- [http-nio-9100-exec-30] io.renren.framework.aspect.SysLogAspect  : 系统日志，SysLogAspect开始：1570607415015
2019-10-09 15:50:15.818 DEBUG 18364 --- [http-nio-9100-exec-30] i.r.m.m.d.SysActivemqRequestDao.insert   : ==>  Preparing: INSERT INTO sys_activemq_request ( ID, activemq_type, activemq_context, sys_system ) VALUES ( ?, ?, ?, ? ) 
2019-10-09 15:50:15.818 DEBUG 18364 --- [http-nio-9100-exec-30] i.r.m.m.d.SysActivemqRequestDao.insert   : ==> Parameters: c0075291d5454b389d4abda750ca7d78(String), io.renren.modules.queue.oauth.oauthToken(String), {"expireTime":"2019-10-09 17:50:15","updateTime":"2019-10-09 15:50:15","sysUserId":"1","mqid":"c0075291d5454b389d4abda750ca7d78","token":"6a20cab185704ea3b2a6b642567d63de"}(String), system(String)
2019-10-09 15:50:15.838 DEBUG 18364 --- [http-nio-9100-exec-30] i.r.m.m.d.SysActivemqRequestDao.insert   : <==    Updates: 1
2019-10-09 15:50:16.197 DEBUG 18364 --- [http-nio-9100-exec-30] io.renren.framework.aspect.SysLogAspect  : 系统日志，SysLogAspect结束：1570607416197
2019-10-09 15:50:16.201 DEBUG 18364 --- [http-nio-9100-exec-30] i.r.m.m.d.SysActivemqRequestDao.insert   : ==>  Preparing: INSERT INTO sys_activemq_request ( ID, activemq_type, activemq_context, sys_system ) VALUES ( ?, ?, ?, ? ) 
2019-10-09 15:50:16.201 DEBUG 18364 --- [http-nio-9100-exec-30] i.r.m.m.d.SysActivemqRequestDao.insert   : ==> Parameters: 30262d51557b4e25999ec9b08302a12b(String), io.renren.modules.queue.sys.sysLog(String), {"method":"io.renren.modules.token.controller.ApiTokenSysController.loginSys","ip":"127.0.0.1","mqid":"30262d51557b4e25999ec9b08302a12b","operation":"登录-本地账号"}(String), system(String)
2019-10-09 15:50:16.305 DEBUG 18364 --- [http-nio-9100-exec-30] i.r.m.m.d.SysActivemqRequestDao.insert   : <==    Updates: 1
2019-10-09 15:50:16.389 DEBUG 18364 --- [http-nio-9100-exec-30] io.renren.framework.aspect.SysLogAspect  : 记录日志SysLogAspect
2019-10-09 15:50:16.394 DEBUG 18364 --- [http-nio-9100-exec-30] i.r.f.aspect.AuthzRegisterAspect         : 系统服务注册，结束时间：1570607416394
2019-10-09 15:50:19.089 DEBUG 18364 --- [http-nio-9100-exec-2] i.r.f.aspect.AuthzRegisterAspect         : 系统服务注册，开始时间：1570607419089
2019-10-09 15:50:19.128 DEBUG 18364 --- [http-nio-9100-exec-2] i.r.m.m.d.SysActivemqRequestDao.insert   : ==>  Preparing: INSERT INTO sys_activemq_request ( ID, activemq_type, activemq_context, sys_system ) VALUES ( ?, ?, ?, ? ) 
2019-10-09 15:50:19.130 DEBUG 18364 --- [http-nio-9100-exec-2] i.r.m.m.d.SysActivemqRequestDao.insert   : ==> Parameters: 6036d56bc19a4c15be67272d1ad75727(String), io.renren.modules.queue.sys.sysService(String), {"method":"io.renren.modules.web.token.controller.ApiTokenInfoController.info","authzCode":"api:token:info","icon":"skill","mqid":"6036d56bc19a4c15be67272d1ad75727","authoritiesName":"api_token","isShow":"N","roleCnName":"","cnName":"登录-信息","roleName":"SYSTEM","name":"api_token_info","perms":"","describe":"登录-信息","state":"START","authoritiesCnName":"系统登录权限","startUpType":"AUTO"}(String), system(String)
2019-10-09 15:50:19.172 DEBUG 18364 --- [http-nio-9100-exec-2] i.r.m.m.d.SysActivemqRequestDao.insert   : <==    Updates: 1
2019-10-09 15:50:19.413 DEBUG 18364 --- [http-nio-9100-exec-2] i.r.framework.aspect.AuthzCodeAspect     : 系统授权认证，开始时间：1570607419412
2019-10-09 15:50:19.414 DEBUG 18364 --- [http-nio-9100-exec-2] i.r.framework.aspect.AuthzCodeAspect     : 系统授权认证，AuthzCodeAspect开始：1570607419414
2019-10-09 15:50:19.414 DEBUG 18364 --- [http-nio-9100-exec-2] io.renren.framework.aspect.SysLogAspect  : 系统日志，SysLogAspect开始：1570607419414
2019-10-09 15:50:19.424 DEBUG 18364 --- [http-nio-9100-exec-2] i.r.m.w.t.c.ApiTokenInfoController       : 登录-信息:{cuInfo={"id":"1","customerName":"管理员","customerHead":"https://wx.qlogo.cn/mmopen/vi_32/DYAIOgq83erWDXriajStd3I6VkSGQMlQgLzaEQ4Hn5rYeICSABqPOwj3uibgibzjA5f0MPeAYIjGR08ticRGYEXqtw/132","customerCard":"","customerCardName":"","customerAcronym":"","sysSystem":"SYSTEM","sort":5,"status":"A","version":1,"createdTime":"Aug 12, 2019 5:15:00 PM","modifyTime":"Aug 12, 2019 5:15:00 PM"}, cuAccount={"id":"1","customerMoney":0.00,"customerGrade":78.00,"sysSystem":"SYSTEM","sort":5,"status":"A","version":12,"createdTime":"Aug 12, 2019 5:14:39 PM","modifyTime":"Aug 12, 2019 5:14:39 PM"}, cuCount={"id":"1","sysSystem":"SYSTEM","sort":5,"status":"A","version":1,"createdTime":"Aug 12, 2019 5:14:47 PM","modifyTime":"Aug 12, 2019 5:14:47 PM"}, authzCodes=["sys:sysattachment:info","sys:sysdictdata:list","sys:sysservice:info","sys:sysconfig:findNameInfo","api:token:loginSys","api:token:logOut","sys:syssmscode:info","sys:sysservice:list","api:token:info","sys:sysservice:save","sys:sysdictoption:typeList","device:devicecharge:info","sys:sysauthorities:delete","agent:agentshopadmin:delete","sys:sysdictoption:list","sys:sysauthorities:info","sys:sysuser:list","sys:sysnotice:info","sys:sysdictoption:save","sys:sysad:info","device:devicechargelog:save","sys:sysattachment:play","agent:agentshoppos:update","sys:sysoauthcode:list","sys:sysuserrole:leftList","sys:sysattachment:uploadImage","sys:sysdictoption:info","sys:sysad:list","sys:sysroleauthorities:rightList","sys:sysattachment:list","app:oauthappdetails:delete","app:oauthappdetails:save","sys:sysresources:list","sys:sysattachment:delete","sys:sysauthoritiesresources:list","sys:syslog:delete","cu:cusign:save","sys:sysconfig:save","sys:sysuserrole:rightList","shop:shopgrademygoods:list","sys:sysnotice:list","sys:sysauthorities:list","cu:cusign:sign","sys:sysrole:list","cu:cucount:list","shop:shopgradegoods:push","shop:shopmygoods:push","sys:sysroleauthorities:update","device:devicechargelog:list","sys:sysuserrole:delete","device:devicechargelog:update","agent:agentshoppos:save","sys:sysoauthcode:save","sys:sysconfig:delete","agent:agentshop:info","sys:sysnotice:update","sys:sysuserrole:list","sys:sysservice:update","sys:sysresources:save","sys:sysroleauthorities:save","device:devicecabinet:info","sys:sysuser:update","sys:sysmenu:save","sys:sysroleauthorities:info","agent:agentshoppos:info","sys:sysconfig:list","sys:sysuserrole:save","sys:sysdictdata:save","sys:sysmenu:info","agent:agentshop:update","sys:sysservicedependency:list","sys:sysauthoritiesresources:update","sys:sysroleauthorities:leftList","shop:shopgoods:save","sys:sysuser:info","sys:syssmscode:update","api:token:loginAccess","device:devicecharge:delete","oauth:oauthtoken:info","sys:syslog:save","shop:shopgoods:info","device:devicecabinet:delete","agent:agentshopbus:info","sys:sysad:update","sys:sysauthoritiesresources:info","sys:sysconfig:info","sys:sysad:save","shop:shoppay:list","agent:agentshopadmin:save","agent:agentshopbus:update","agent:agentshopbus:list","device:deviceline:save","agent:agentshopadmin:update","sys:sysdictoption:update","shop:shopgrademygoods:delete","device:devicechargelog:info","shop:shopmygoods:save","shop:shopmygoods:info","api:token:loginWeixin","cu:cusign:delete","shop:shopgoods:delete","device:deviceline:info","device:devicecabinetlog:list","device:deviceline:update","device:devicecharge:save","shop:shopmygoods:list","device:devicecabinetlog:delete","sys:syssmscode:sendMail","sys:sysauthoritiesresources:leftList","cu:cuprofit:update","agent:agentshopadmin:info","cu:cuaccount:list","device:devicecabinetlog:save","sys:sysauthoritiesresources:delete","sys:sysrole:save","sys:sysconfig:update","sys:sysdictdata:delete","shop:shopgradegoods:update","sys:sysservicedependency:save","shop:shopmygoods:delete","agent:agentshopbus:save","cu:cusign:signList","shop:shoporder:delete","shop:shopgoods:buy","shop:shoppay:update","agent:agentshop:save","cu:cuaccount:update","sys:syslog:info","sys:syssmscode:list","sys:sysmenu:update","sys:sysauthorities:update","sys:syssmscode:send","cu:cuaccount:info","cu:cusign:update","sys:sysuser:save","cu:cuaccount:delete","agent:agentshop:delete","sys:sysauthorities:save","shop:shopgrademygoods:info","device:devicecabinet:update","oauth:oauthtoken:save","cu:cusign:push","shop:shopgrademygoods:save","cu:cucount:info","shop:shopgradegoods:change","cu:cucount:update","sys:sysattachment:update","sys:sysservice:delete","device:devicecabinet:list","shop:shopgrademygoods:push","sys:syssmscode:delete","device:devicecharge:update","sys:sysresources:info","shop:shoppay:delete","sys:sysuser:push","sys:sysuserrole:info","agent:agentshoppos:delete","shop:shoppay:save","shop:shopgradegoods:list","sys:sysservicedependency:info","agent:agentshopbus:delete","sys:syslog:update","shop:shoppay:info","cu:cusign:info","device:devicecharge:list","cu:cucount:delete","sys:sysmenu:delete","sys:sysrole:delete","shop:shopgradegoods:delete","cu:cuprofit:info","sys:sysdictdata:info","cu:cuinfo:save","sys:sysresources:delete","sys:sysattachment:save","sys:sysroleauthorities:list","shop:shopgradegoods:info","shop:shopgrademygoods:update","app:oauthappdetails:update","sys:sysauthoritiesresources:rightList","sys:sysrole:info","sys:sysnotice:save","device:deviceline:delete","sys:sysauthoritiesresources:save","shop:shoporder:save","cu:cusign:list","sys:sysroleauthorities:delete","sys:sysdictoption:delete","shop:shopgradegoods:save","sys:sysdictdata:update","cu:cucount:save","cu:cuprofit:save","cu:cuinfo:info","oauth:oauthtoken:delete","shop:shopgrademygoods:send","agent:agentshoppos:list","shop:shoporder:orderList","sys:sysoauthcode:delete","shop:shoppay:push","sys:sysuser:delete","sys:sysuserrole:update","shop:shopgoods:push","shop:shopmygoods:update","oauth:oauthtoken:list","shop:shoporder:info","shop:shoporder:myList","cu:cuinfo:list","shop:shoporder:list","device:devicecabinet:save","device:deviceline:list","sys:syslog:list","device:devicecabinetlog:info","shop:shopgrademygoods:myList","cu:cuinfo:update","cu:cuinfo:delete","sys:sysrole:update","sys:sysnotice:delete","cu:cuprofit:delete","sys:sysoauthcode:info","oauth:oauthtoken:update","sys:sysresources:update","shop:shoporder:push","sys:sysad:delete","cu:cuprofit:myList","cu:cuaccount:save","app:oauthappdetails:info","shop:shopgoods:list","agent:agentshop:list","device:devicechargelog:delete","device:devicecabinetlog:update","shop:shoporder:update","cu:cuprofit:count","sys:syssmscode:save","sys:sysmenu:list","sys:sysservicedependency:update","shop:shopgoods:update","sys:sysoauthcode:update","cu:cuprofit:list","app:oauthappdetails:list","shop:shopmygoods:myList","sys:sysservicedependency:delete","agent:agentshopadmin:list"], sysUser={"id":"1","name":"13012341234","cnName":"管理员","sysPasswd":"8d969eef6ecad3c29a3a629280e686cf0c3f5d5a86aff3ca12020c923adc6c92","isSys":"Y","isAuth":"3","isOver":"Y","overTime":"Aug 6, 2019 4:24:23 PM","isAct":"Y","actTime":"Aug 6, 2019 4:24:23 PM","isLocked":"Y","lockedTime":"Aug 6, 2019 4:24:23 PM","isExpired":"Y","expiredTime":"Aug 6, 2019 4:24:23 PM","areaId":"0","sysSystem":"SYSTEM","sort":37,"status":"A","version":1,"createdTime":"Aug 6, 2019 4:24:23 PM","modifyTime":"Aug 6, 2019 4:24:23 PM"}, sysRoles=["device","agent","CUSTOMER","SHOP","SYSTEM"]}
2019-10-09 15:50:19.783 DEBUG 18364 --- [http-nio-9100-exec-2] io.renren.framework.aspect.SysLogAspect  : 系统日志，SysLogAspect结束：1570607419783
2019-10-09 15:50:19.785 DEBUG 18364 --- [http-nio-9100-exec-2] i.r.m.m.d.SysActivemqRequestDao.insert   : ==>  Preparing: INSERT INTO sys_activemq_request ( ID, activemq_type, activemq_context, sys_system ) VALUES ( ?, ?, ?, ? ) 
2019-10-09 15:50:19.785 DEBUG 18364 --- [http-nio-9100-exec-2] i.r.m.m.d.SysActivemqRequestDao.insert   : ==> Parameters: cbd784bb33c140569728cb2cb1a5fdd1(String), io.renren.modules.queue.sys.sysLog(String), {"method":"io.renren.modules.web.token.controller.ApiTokenInfoController.info","ip":"127.0.0.1","mqid":"cbd784bb33c140569728cb2cb1a5fdd1","operation":"登录-信息"}(String), system(String)
2019-10-09 15:50:19.803 DEBUG 18364 --- [http-nio-9100-exec-2] i.r.m.m.d.SysActivemqRequestDao.insert   : <==    Updates: 1
2019-10-09 15:50:20.047 DEBUG 18364 --- [http-nio-9100-exec-2] io.renren.framework.aspect.SysLogAspect  : 记录日志SysLogAspect
2019-10-09 15:50:20.048 DEBUG 18364 --- [http-nio-9100-exec-2] i.r.framework.aspect.AuthzCodeAspect     : 系统授权认证，AuthzCodeAspect结束1570607420048
2019-10-09 15:50:20.048 DEBUG 18364 --- [http-nio-9100-exec-2] i.r.framework.aspect.AuthzCodeAspect     : 系统授权认证，结束时间：1570607420048
2019-10-09 15:50:20.048 DEBUG 18364 --- [http-nio-9100-exec-2] i.r.f.aspect.AuthzRegisterAspect         : 系统服务注册，结束时间：1570607420048
2019-10-09 15:52:55.902  INFO 18364 --- [AsyncResolver-bootstrap-executor-0] c.n.d.s.r.aws.ConfigClusterResolver      : Resolving eureka endpoints via configuration
2019-10-09 15:57:55.909  INFO 18364 --- [AsyncResolver-bootstrap-executor-0] c.n.d.s.r.aws.ConfigClusterResolver      : Resolving eureka endpoints via configuration
2019-10-09 16:02:55.912  INFO 18364 --- [AsyncResolver-bootstrap-executor-0] c.n.d.s.r.aws.ConfigClusterResolver      : Resolving eureka endpoints via configuration
2019-10-09 16:07:55.913  INFO 18364 --- [AsyncResolver-bootstrap-executor-0] c.n.d.s.r.aws.ConfigClusterResolver      : Resolving eureka endpoints via configuration
2019-10-09 16:12:55.915  INFO 18364 --- [AsyncResolver-bootstrap-executor-0] c.n.d.s.r.aws.ConfigClusterResolver      : Resolving eureka endpoints via configuration
2019-10-09 16:17:55.923  INFO 18364 --- [AsyncResolver-bootstrap-executor-0] c.n.d.s.r.aws.ConfigClusterResolver      : Resolving eureka endpoints via configuration
2019-10-09 16:22:55.932  INFO 18364 --- [AsyncResolver-bootstrap-executor-0] c.n.d.s.r.aws.ConfigClusterResolver      : Resolving eureka endpoints via configuration
2019-10-09 16:27:55.933  INFO 18364 --- [AsyncResolver-bootstrap-executor-0] c.n.d.s.r.aws.ConfigClusterResolver      : Resolving eureka endpoints via configuration
2019-10-09 16:30:03.143  WARN 18364 --- [Thread-16] com.netflix.discovery.DiscoveryClient    : Saw local status change event StatusChangeEvent [timestamp=1570609803143, current=DOWN, previous=UP]
2019-10-09 16:30:03.147  INFO 18364 --- [DiscoveryClient-InstanceInfoReplicator-0] com.netflix.discovery.DiscoveryClient    : DiscoveryClient_RENREN-CLIENT-TOKEN/localhost:renren-client-token:9100: registering service...
2019-10-09 16:30:03.169  INFO 18364 --- [DiscoveryClient-InstanceInfoReplicator-0] com.netflix.discovery.DiscoveryClient    : DiscoveryClient_RENREN-CLIENT-TOKEN/localhost:renren-client-token:9100 - registration status: 204
2019-10-09 16:30:03.282  INFO 18364 --- [Thread-16] com.netflix.discovery.DiscoveryClient    : Shutting down DiscoveryClient ...
2019-10-09 16:30:03.284  INFO 18364 --- [Thread-16] com.netflix.discovery.DiscoveryClient    : Unregistering ...
2019-10-09 16:30:03.311  INFO 18364 --- [Thread-16] com.netflix.discovery.DiscoveryClient    : DiscoveryClient_RENREN-CLIENT-TOKEN/localhost:renren-client-token:9100 - deregister  status: 200
2019-10-09 16:30:03.373  INFO 18364 --- [Thread-16] com.netflix.discovery.DiscoveryClient    : Completed shut down of DiscoveryClient
2019-10-09 16:30:03.470  INFO 18364 --- [Thread-16] com.alibaba.druid.pool.DruidDataSource   : {dataSource-1} closed
